2024-02-06 19:44:43.693 [info] Extension host with pid 2893 started
2024-02-06 19:44:43.893 [info] ExtensionService#_doActivateExtension vscode.emmet, startup: false, activationEvent: 'onLanguage'
2024-02-06 19:44:43.896 [info] ExtensionService#_doActivateExtension vscode.tunnel-forwarding, startup: false, activationEvent: 'onTunnel'
2024-02-06 19:44:43.897 [info] ExtensionService#_doActivateExtension vscode.html-language-features, startup: false, activationEvent: 'onLanguage:html'
2024-02-06 19:44:44.623 [info] Lock '/home/kalicheminero/.vscode-server/data/User/workspaceStorage/fdc1ae1e07a02476b16f827f0a1b2e5f/vscode.lock': Lock acquired.
2024-02-06 19:44:44.899 [info] ExtensionService#_doActivateExtension vscode.git-base, startup: true, activationEvent: '*', root cause: vscode.git
2024-02-06 19:44:44.910 [info] ExtensionService#_doActivateExtension vscode.git, startup: true, activationEvent: '*'
2024-02-06 19:44:44.910 [info] ExtensionService#_doActivateExtension vscode.github, startup: true, activationEvent: '*'
2024-02-06 19:44:45.394 [info] Eager extensions activated
2024-02-06 19:44:45.395 [info] ExtensionService#_doActivateExtension vscode.debug-auto-launch, startup: false, activationEvent: 'onStartupFinished'
2024-02-06 19:44:45.402 [info] ExtensionService#_doActivateExtension vscode.merge-conflict, startup: false, activationEvent: 'onStartupFinished'
2024-02-06 19:45:24.944 [info] ExtensionService#_doActivateExtension ritwickdey.LiveServer, startup: false, activationEvent: 'onStartupFinished'
2024-02-06 20:44:51.261 [info] Extension host terminating: received terminate message from renderer
2024-02-06 20:44:51.538 [info] Lock '/home/kalicheminero/.vscode-server/data/User/workspaceStorage/fdc1ae1e07a02476b16f827f0a1b2e5f/vscode.lock': Marking the lockfile as scheduled to be released in 6000 ms.
2024-02-06 20:44:56.388 [error] Error: Stopping the server timed out
	at /home/kalicheminero/.vscode-server/bin/05047486b6df5eb8d44b2ecd70ea3bdf775fd937/extensions/html-language-features/client/dist/node/htmlClientMain.js:1:273335
	at runNextTicks (node:internal/process/task_queues:60:5)
	at process.processTimers (node:internal/timers:509:9)
	at async Object.dispose (/home/kalicheminero/.vscode-server/bin/05047486b6df5eb8d44b2ecd70ea3bdf775fd937/extensions/html-language-features/client/dist/node/htmlClientMain.js:1:501798)
	at async Object.dispose (/home/kalicheminero/.vscode-server/bin/05047486b6df5eb8d44b2ecd70ea3bdf775fd937/extensions/html-language-features/client/dist/node/htmlClientMain.js:1:503436)
	at async e.deactivate (/home/kalicheminero/.vscode-server/bin/05047486b6df5eb8d44b2ecd70ea3bdf775fd937/extensions/html-language-features/client/dist/node/htmlClientMain.js:1:544049)
	at async Promise.all (index 5)
	at async g.Y (/home/kalicheminero/.vscode-server/bin/05047486b6df5eb8d44b2ecd70ea3bdf775fd937/out/vs/workbench/api/node/extensionHostProcess.js:156:7823)
2024-02-06 20:44:56.388 [info] Extension host with pid 2893 exiting with code 0
