2024-02-06 21:17:41.106 [info] Extension host with pid 3059 started
2024-02-06 21:17:41.435 [info] ExtensionService#_doActivateExtension vscode.git-base, startup: true, activationEvent: '*'
2024-02-06 21:17:41.521 [info] Lock '/home/kalicheminero/.vscode-server/data/User/workspaceStorage/96e01e3a329586d7c93d4dd62db94dde/vscode.lock': Lock acquired.
2024-02-06 21:17:41.683 [info] ExtensionService#_doActivateExtension vscode.github, startup: true, activationEvent: '*'
2024-02-06 21:17:41.887 [info] Eager extensions activated
2024-02-06 21:17:41.888 [info] ExtensionService#_doActivateExtension vscode.debug-auto-launch, startup: false, activationEvent: 'onStartupFinished'
2024-02-06 21:17:41.888 [info] ExtensionService#_doActivateExtension vscode.merge-conflict, startup: false, activationEvent: 'onStartupFinished'
2024-02-06 21:17:42.108 [info] ExtensionService#_doActivateExtension vscode.git, startup: false, activationEvent: 'api', root cause: vscode.github
2024-02-06 21:17:42.516 [info] ExtensionService#_doActivateExtension ritwickdey.LiveServer, startup: false, activationEvent: 'onStartupFinished'
2024-02-06 21:18:48.315 [warning] [Decorations] CAPPING events from decorations provider vscode.git 6072
2024-02-06 21:18:49.767 [warning] [Decorations] CAPPING events from decorations provider vscode.git 6072
2024-02-07 09:11:20.249 [warning] [Decorations] CAPPING events from decorations provider vscode.git 6075
2024-02-07 09:11:25.471 [warning] [Decorations] CAPPING events from decorations provider vscode.git 6074
2024-02-07 09:11:27.002 [info] ExtensionService#_doActivateExtension vscode.html-language-features, startup: false, activationEvent: 'onLanguage:html'
2024-02-07 09:11:27.003 [info] ExtensionService#_doActivateExtension vscode.emmet, startup: false, activationEvent: 'onLanguage'
2024-02-07 09:11:34.021 [warning] [Decorations] CAPPING events from decorations provider vscode.git 6075
2024-02-07 09:11:39.198 [warning] [Decorations] CAPPING events from decorations provider vscode.git 6075
2024-02-07 09:11:44.575 [warning] [Decorations] CAPPING events from decorations provider vscode.git 6075
2024-02-07 09:11:49.798 [warning] [Decorations] CAPPING events from decorations provider vscode.git 6075
2024-02-07 09:11:54.963 [warning] [Decorations] CAPPING events from decorations provider vscode.git 6075
2024-02-07 09:12:00.129 [warning] [Decorations] CAPPING events from decorations provider vscode.git 6075
2024-02-07 09:12:10.081 [warning] [Decorations] CAPPING events from decorations provider vscode.git 6075
2024-02-07 09:12:15.274 [warning] [Decorations] CAPPING events from decorations provider vscode.git 6075
2024-02-07 09:12:20.463 [warning] [Decorations] CAPPING events from decorations provider vscode.git 6077
