2024-02-06 19:44:45.536 [info] Log level: Info
2024-02-06 19:44:45.536 [info] Validating found git in: "git"
2024-02-06 19:44:45.536 [info] Using git "2.34.1" from "git"
2024-02-06 19:44:45.536 [info] > git rev-parse --show-toplevel [5ms]
2024-02-06 19:44:45.536 [info] fatal: not a git repository (or any of the parent directories): .git
2024-02-06 19:44:45.536 [info] > git rev-parse --show-toplevel [7ms]
2024-02-06 19:44:45.536 [info] fatal: not a git repository (or any of the parent directories): .git
2024-02-06 19:44:45.537 [info] > git rev-parse --show-toplevel [2ms]
2024-02-06 19:44:45.537 [info] fatal: not a git repository (or any of the parent directories): .git
2024-02-06 19:44:45.547 [info] > git rev-parse --show-toplevel [2ms]
2024-02-06 19:44:45.547 [info] fatal: not a git repository (or any of the parent directories): .git
2024-02-06 19:44:45.556 [info] > git rev-parse --show-toplevel [3ms]
2024-02-06 19:44:45.556 [info] fatal: not a git repository (or any of the parent directories): .git
2024-02-06 19:44:45.632 [info] > git rev-parse --show-toplevel [7ms]
2024-02-06 19:44:45.632 [info] fatal: not a git repository (or any of the parent directories): .git
2024-02-06 19:44:45.650 [info] > git rev-parse --show-toplevel [8ms]
2024-02-06 19:44:45.651 [info] fatal: not a git repository (or any of the parent directories): .git
2024-02-06 19:45:24.900 [info] > git rev-parse --show-toplevel [5ms]
2024-02-06 19:45:24.900 [info] fatal: not a git repository (or any of the parent directories): .git
2024-02-06 19:45:40.237 [info] > git rev-parse --show-toplevel [3ms]
2024-02-06 19:45:40.238 [info] fatal: not a git repository (or any of the parent directories): .git
